[debug] [2024-07-12T17:58:44.887Z] ----------------------------------------------------------------------
[debug] [2024-07-12T17:58:44.891Z] Command:       C:\Program Files\nodejs\node.exe C:\Users\Megaport\AppData\Roaming\npm\node_modules\firebase-tools\lib\bin\firebase.js init
[debug] [2024-07-12T17:58:44.891Z] CLI Version:   13.13.2
[debug] [2024-07-12T17:58:44.891Z] Platform:      win32
[debug] [2024-07-12T17:58:44.891Z] Node Version:  v20.15.1
[debug] [2024-07-12T17:58:44.892Z] Time:          Fri Jul 12 2024 19:58:44 GMT+0200 (heure d’été d’Europe centrale)
[debug] [2024-07-12T17:58:44.892Z] ----------------------------------------------------------------------
[debug] 
[debug] [2024-07-12T17:58:44.899Z] > command requires scopes: ["email","openid","https://www.googleapis.com/auth/cloudplatformprojects.readonly","https://www.googleapis.com/auth/firebase","https://www.googleapis.com/auth/cloud-platform"]
[debug] [2024-07-12T17:58:44.899Z] > authorizing via signed-in user (soufianebenz10@gmail.com)
[info] 
     ######## #### ########  ######## ########     ###     ######  ########
     ##        ##  ##     ## ##       ##     ##  ##   ##  ##       ##
     ######    ##  ########  ######   ########  #########  ######  ######
     ##        ##  ##    ##  ##       ##     ## ##     ##       ## ##
     ##       #### ##     ## ######## ########  ##     ##  ######  ########

You're about to initialize a Firebase project in this directory:

  E:\certif-angular\cocktails-angular

[info] 
=== Project Setup
[info] 
[info] First, let's associate this project directory with a Firebase project.
[info] You can create multiple project aliases by running firebase use --add, 
[info] but for now we'll just set up a default project.
[info] 
[debug] [2024-07-12T17:59:02.956Z] >>> [apiv2][query] GET https://firebase.googleapis.com/v1beta1/projects pageSize=100
[debug] [2024-07-12T17:59:03.406Z] <<< [apiv2][status] GET https://firebase.googleapis.com/v1beta1/projects 200
[debug] [2024-07-12T17:59:03.406Z] <<< [apiv2][body] GET https://firebase.googleapis.com/v1beta1/projects [omitted]
[info] i  Using project cocktail-project-9805a (cocktail-project) 
[info] 
=== Hosting Setup
[debug] [2024-07-12T17:59:12.223Z] >>> [apiv2][query] GET https://firebase.googleapis.com/v1beta1/projects/cocktail-project-9805a [none]
[debug] [2024-07-12T17:59:12.463Z] <<< [apiv2][status] GET https://firebase.googleapis.com/v1beta1/projects/cocktail-project-9805a 200
[debug] [2024-07-12T17:59:12.463Z] <<< [apiv2][body] GET https://firebase.googleapis.com/v1beta1/projects/cocktail-project-9805a {"projectId":"cocktail-project-9805a","projectNumber":"755282185345","displayName":"cocktail-project","name":"projects/cocktail-project-9805a","resources":{"hostingSite":"cocktail-project-9805a"},"state":"ACTIVE","etag":"1_5d862e0f-b476-411e-acb1-f1fdda6bf8f3"}
[info] 
[info] Your public directory is the folder (relative to your project directory) that
[info] will contain Hosting assets to be uploaded with firebase deploy. If you
[info] have a build process for your assets, use your build's output directory.
[info] 
[debug] [2024-07-12T17:59:28.652Z] >>> [apiv2][query] GET https://www.gstatic.com/firebasejs/releases.json [none]
[debug] [2024-07-12T17:59:28.680Z] <<< [apiv2][status] GET https://www.gstatic.com/firebasejs/releases.json 200
[debug] [2024-07-12T17:59:28.680Z] <<< [apiv2][body] GET https://www.gstatic.com/firebasejs/releases.json {"current":{"version":"10.12.3","browserURL":"https://www.gstatic.com/firebasejs/10.12.3/firebase.js","packageURL":"https://www.gstatic.com/firebasejs/10.12.3/firebase.tgz"},"live":{"version":"10.12","browserURL":"https://www.gstatic.com/firebasejs/live/10.12/firebase.js","packageURL":"https://www.gstatic.com/firebasejs/live/10.12/firebase.tgz"},"components":{"analytics":"https://www.gstatic.com/firebasejs/10.12.3/firebase-analytics.js","app":"https://www.gstatic.com/firebasejs/10.12.3/firebase-app.js","app-check":"https://www.gstatic.com/firebasejs/10.12.3/firebase-app-check.js","auth":"https://www.gstatic.com/firebasejs/10.12.3/firebase-auth.js","auth/cordova":"https://www.gstatic.com/firebasejs/10.12.3/firebase-auth/cordova.js","auth/web-extension":"https://www.gstatic.com/firebasejs/10.12.3/firebase-auth/web-extension.js","functions":"https://www.gstatic.com/firebasejs/10.12.3/firebase-functions.js","firestore":"https://www.gstatic.com/firebasejs/10.12.3/firebase-firestore.js","firestore/lite":"https://www.gstatic.com/firebasejs/10.12.3/firebase-firestore/lite.js","installations":"https://www.gstatic.com/firebasejs/10.12.3/firebase-installations.js","storage":"https://www.gstatic.com/firebasejs/10.12.3/firebase-storage.js","performance":"https://www.gstatic.com/firebasejs/10.12.3/firebase-performance.js","remote-config":"https://www.gstatic.com/firebasejs/10.12.3/firebase-remote-config.js","messaging":"https://www.gstatic.com/firebasejs/10.12.3/firebase-messaging.js","messaging/sw":"https://www.gstatic.com/firebasejs/10.12.3/firebase-messaging/sw.js","database":"https://www.gstatic.com/firebasejs/10.12.3/firebase-database.js","vertexai-preview":"https://www.gstatic.com/firebasejs/10.12.3/firebase-vertexai-preview.js","firestore.memory":"https://www.gstatic.com/firebasejs/10.12.3/firebase-firestore.memory.js"}}
[info] +  Wrote y/index.html 
[info] 
[info] i  Detected a .git folder at E:\certif-angular\cocktails-angular 
[info] i  Authorizing with GitHub to upload your service account to a GitHub repository's secrets store. 
[info] 
[info] Visit this URL on this device to log in:
[info] https://github.com/login/oauth/authorize?client_id=89cf50f02ac6aaed3484&state=806893041&redirect_uri=http%3A%2F%2Flocalhost%3A9005&scope=read%3Auser%20repo%20public_repo
[info] 
[info] Waiting for authentication...
[debug] [2024-07-12T18:00:08.600Z] >>> [apiv2][query] POST https://github.com/login/oauth/access_token [none]
[debug] [2024-07-12T18:00:08.600Z] >>> [apiv2][body] POST https://github.com/login/oauth/access_token [stream]
[debug] [2024-07-12T18:00:08.861Z] <<< [apiv2][status] POST https://github.com/login/oauth/access_token 200
[debug] [2024-07-12T18:00:08.861Z] <<< [apiv2][body] POST https://github.com/login/oauth/access_token {"access_token":"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","token_type":"bearer","scope":"read:user,repo"}
[debug] [2024-07-12T18:00:08.865Z] >>> [apiv2][query] GET https://api.github.com/user [none]
[debug] [2024-07-12T18:00:09.144Z] <<< [apiv2][status] GET https://api.github.com/user 200
[debug] [2024-07-12T18:00:09.145Z] <<< [apiv2][body] GET https://api.github.com/user {"login":"soufianebenz","id":6098260,"node_id":"MDQ6VXNlcjYwOTgyNjA=","avatar_url":"https://avatars.githubusercontent.com/u/6098260?v=4","gravatar_id":"","url":"https://api.github.com/users/soufianebenz","html_url":"https://github.com/soufianebenz","followers_url":"https://api.github.com/users/soufianebenz/followers","following_url":"https://api.github.com/users/soufianebenz/following{/other_user}","gists_url":"https://api.github.com/users/soufianebenz/gists{/gist_id}","starred_url":"https://api.github.com/users/soufianebenz/starred{/owner}{/repo}","subscriptions_url":"https://api.github.com/users/soufianebenz/subscriptions","organizations_url":"https://api.github.com/users/soufianebenz/orgs","repos_url":"https://api.github.com/users/soufianebenz/repos","events_url":"https://api.github.com/users/soufianebenz/events{/privacy}","received_events_url":"https://api.github.com/users/soufianebenz/received_events","type":"User","site_admin":false,"name":null,"company":null,"blog":"","location":null,"email":null,"hireable":null,"bio":null,"twitter_username":null,"public_repos":1,"public_gists":0,"followers":0,"following":0,"created_at":"2013-12-03T19:01:14Z","updated_at":"2024-07-12T18:00:06Z","private_gists":0,"total_private_repos":1,"owned_private_repos":1,"disk_usage":611,"collaborators":0,"two_factor_authentication":false,"plan":{"name":"free","space":976562499,"collaborators":0,"private_repos":10000}}
[info] 
[info] +  Success! Logged into GitHub as soufianebenz 
[info] 
[debug] [2024-07-12T18:00:21.345Z] >>> [apiv2][query] GET https://api.github.com/repos/Y/actions/secrets/public-key type=owner
[debug] [2024-07-12T18:00:21.545Z] <<< [apiv2][status] GET https://api.github.com/repos/Y/actions/secrets/public-key 404
[debug] [2024-07-12T18:00:21.545Z] <<< [apiv2][body] GET https://api.github.com/repos/Y/actions/secrets/public-key {"message":"Not Found","documentation_url":"https://docs.github.com/rest","status":"404"}
[info] 
[info] 
[error] !  The provided authorization cannot be used with this repository. If this repository is in an organization, did you remember to grant access? 
[info] 
[info] i  Action required: Visit this URL to ensure access has been granted to the appropriate organization(s) for the Firebase CLI GitHub OAuth App: 
[info] https://github.com/settings/connections/applications/89cf50f02ac6aaed3484
[info] 
[debug] [2024-07-12T18:00:44.315Z] >>> [apiv2][query] GET https://api.github.com/repos/repository/actions/secrets/public-key type=owner
[debug] [2024-07-12T18:00:44.507Z] <<< [apiv2][status] GET https://api.github.com/repos/repository/actions/secrets/public-key 404
[debug] [2024-07-12T18:00:44.507Z] <<< [apiv2][body] GET https://api.github.com/repos/repository/actions/secrets/public-key {"message":"Not Found","documentation_url":"https://docs.github.com/rest","status":"404"}
[info] 
[info] 
[error] !  The provided authorization cannot be used with this repository. If this repository is in an organization, did you remember to grant access? 
[info] 
[info] i  Action required: Visit this URL to ensure access has been granted to the appropriate organization(s) for the Firebase CLI GitHub OAuth App: 
[info] https://github.com/settings/connections/applications/89cf50f02ac6aaed3484
[info] 
[debug] [2024-07-12T18:00:52.132Z] >>> [apiv2][query] GET https://api.github.com/repos/repository/actions/secrets/public-key type=owner
[debug] [2024-07-12T18:00:52.317Z] <<< [apiv2][status] GET https://api.github.com/repos/repository/actions/secrets/public-key 404
[debug] [2024-07-12T18:00:52.317Z] <<< [apiv2][body] GET https://api.github.com/repos/repository/actions/secrets/public-key {"message":"Not Found","documentation_url":"https://docs.github.com/rest","status":"404"}
[info] 
[info] 
[error] !  The provided authorization cannot be used with this repository. If this repository is in an organization, did you remember to grant access? 
[info] 
[info] i  Action required: Visit this URL to ensure access has been granted to the appropriate organization(s) for the Firebase CLI GitHub OAuth App: 
[info] https://github.com/settings/connections/applications/89cf50f02ac6aaed3484
[info] 
[debug] [2024-07-12T18:01:49.336Z] >>> [apiv2][query] GET https://api.github.com/repos/user/actions/secrets/public-key type=owner
[debug] [2024-07-12T18:01:49.523Z] <<< [apiv2][status] GET https://api.github.com/repos/user/actions/secrets/public-key 404
[debug] [2024-07-12T18:01:49.523Z] <<< [apiv2][body] GET https://api.github.com/repos/user/actions/secrets/public-key {"message":"Not Found","documentation_url":"https://docs.github.com/rest","status":"404"}
[info] 
[info] 
[error] !  The provided authorization cannot be used with this repository. If this repository is in an organization, did you remember to grant access? 
[info] 
[info] i  Action required: Visit this URL to ensure access has been granted to the appropriate organization(s) for the Firebase CLI GitHub OAuth App: 
[info] https://github.com/settings/connections/applications/89cf50f02ac6aaed3484
[info] 
[debug] [2024-07-12T18:02:53.982Z] >>> [apiv2][query] GET https://api.github.com/repos/cocktails-angular/actions/secrets/public-key type=owner
[debug] [2024-07-12T18:02:54.163Z] <<< [apiv2][status] GET https://api.github.com/repos/cocktails-angular/actions/secrets/public-key 404
[debug] [2024-07-12T18:02:54.163Z] <<< [apiv2][body] GET https://api.github.com/repos/cocktails-angular/actions/secrets/public-key {"message":"Not Found","documentation_url":"https://docs.github.com/rest","status":"404"}
[info] 
[info] 
[error] !  The provided authorization cannot be used with this repository. If this repository is in an organization, did you remember to grant access? 
[info] 
[info] i  Action required: Visit this URL to ensure access has been granted to the appropriate organization(s) for the Firebase CLI GitHub OAuth App: 
[info] https://github.com/settings/connections/applications/89cf50f02ac6aaed3484
[info] 
[debug] [2024-07-12T18:03:00.247Z] >>> [apiv2][query] GET https://api.github.com/repos/cocktails-angulr/actions/secrets/public-key type=owner
[debug] [2024-07-12T18:03:00.421Z] <<< [apiv2][status] GET https://api.github.com/repos/cocktails-angulr/actions/secrets/public-key 404
[debug] [2024-07-12T18:03:00.421Z] <<< [apiv2][body] GET https://api.github.com/repos/cocktails-angulr/actions/secrets/public-key {"message":"Not Found","documentation_url":"https://docs.github.com/rest","status":"404"}
[info] 
[info] 
[error] !  The provided authorization cannot be used with this repository. If this repository is in an organization, did you remember to grant access? 
[info] 
[info] i  Action required: Visit this URL to ensure access has been granted to the appropriate organization(s) for the Firebase CLI GitHub OAuth App: 
[info] https://github.com/settings/connections/applications/89cf50f02ac6aaed3484
[info] 
